
> qwork2026@1.0.0 build C:\apps\QWork
> next build

  Ôû▓ Next.js 14.2.35
  - Environments: .env.production.local, .env.local, .env.production, .env

   Creating an optimized production build ...
 Ô£ô Compiled successfully
   Linting and checking validity of types ...

./app/admin/comissoes/page.tsx
21:5  Warning: 'setErro' is assigned a value but never used. Allowed unused vars must match /^_/u.  @typescript-eslint/no-unused-vars

./app/api/public/representantes/cadastro/route.ts
52:8  Warning: 'UploadedDoc' is defined but never used. Allowed unused vars must match /^_/u.  @typescript-eslint/no-unused-vars

./app/api/rh/notificacoes/stream/route.ts
10:41  Warning: Async arrow function 'GET' has no 'await' expression.  @typescript-eslint/require-await

./app/entidade/lote/[id]/page.tsx
390:9  Warning: 'renderClassificacao' is assigned a value but never used. Allowed unused vars must match /^_/u.  @typescript-eslint/no-unused-vars

./app/rh/empresa/[id]/lote/[loteId]/page.tsx
443:9  Warning: 'getClassificacaoGrupo' is assigned a value but never used. Allowed unused vars must match /^_/u.  @typescript-eslint/no-unused-vars

./components/modals/ModalCadastrotomador.tsx
105:9  Warning: 'numeroFuncionarios' is assigned a value but never used. Allowed unused vars must match /^_/u.  @typescript-eslint/no-unused-vars
106:9  Warning: 'setNumeroFuncionarios' is assigned a value but never used. Allowed unused vars must match /^_/u.  @typescript-eslint/no-unused-vars
107:9  Warning: 'contratoAceito' is assigned a value but never used. Allowed unused vars must match /^_/u.  @typescript-eslint/no-unused-vars
108:9  Warning: 'setContratoAceito' is assigned a value but never used. Allowed unused vars must match /^_/u.  @typescript-eslint/no-unused-vars
109:9  Warning: 'contratoGerado' is assigned a value but never used. Allowed unused vars must match /^_/u.  @typescript-eslint/no-unused-vars

./components/RadioScale.tsx
18:3  Warning: 'required' is assigned a value but never used. Allowed unused args must match /^_/u.  @typescript-eslint/no-unused-vars

./lib/infrastructure/pdf/templates/recibo-template.ts
193:5  Warning: 'qtd_funcionarios' is assigned a value but never used. Allowed unused vars must match /^_/u.  @typescript-eslint/no-unused-vars
206:9  Warning: 'valorPorFuncFormatado' is assigned a value but never used. Allowed unused vars must match /^_/u.  @typescript-eslint/no-unused-vars

info  - Need to disable some ESLint rules? Learn more here: https://nextjs.org/docs/basic-features/eslint#disabling-rules
   Collecting page data ...
[dotenv@17.3.1] injecting env (19) from .env.local -- tip: ­ƒöÉ prevent committing .env to code: https://dotenvx.com/precommit
[dotenv@17.3.1] injecting env (19) from .env.local -- tip: ­ƒøí´©Å auth for agents: https://vestauth.com
[dotenv@17.3.1] injecting env (19) from .env.local -- tip: ­ƒöÉ encrypt with Dotenvx: https://dotenvx.com
[dotenv@17.3.1] injecting env (19) from .env.local -- tip: ÔÜÖ´©Å  suppress all logs with { quiet: true }
[dotenv@17.3.1] injecting env (19) from .env.local -- tip: ÔÜÖ´©Å  enable debug logging with { debug: true }
[dotenv@17.3.1] injecting env (19) from .env.local -- tip: ­ƒøí´©Å auth for agents: https://vestauth.com
[dotenv@17.3.1] injecting env (19) from .env.local -- tip: ÔÜÖ´©Å  override existing env vars with { override: true }
   Generating static pages (0/67) ...
   Generating static pages (16/67) 
   Generating static pages (33/67) 
   Generating static pages (50/67) 
 Ô£ô Generating static pages (67/67)
   Finalizing page optimization ...
   Collecting build traces ...
